{"C:\\Curso Full Stack Vem ser Tech\\modulo8_Testes\\aula4\\exercicio\\helper-api\\exercicio4entregue\\src\\services\\ArrayService.ts": {"path":"C:\\Curso Full Stack Vem ser Tech\\modulo8_Testes\\aula4\\exercicio\\helper-api\\exercicio4entregue\\src\\services\\ArrayService.ts","statementMap":{"0":{"start":{"line":4,"column":2},"end":{"line":15,"column":null}},"1":{"start":{"line":5,"column":4},"end":{"line":7,"column":null}},"2":{"start":{"line":6,"column":6},"end":{"line":6,"column":78}},"3":{"start":{"line":6,"column":47},"end":{"line":6,"column":76}},"4":{"start":{"line":9,"column":4},"end":{"line":11,"column":null}},"5":{"start":{"line":10,"column":6},"end":{"line":10,"column":null}},"6":{"start":{"line":12,"column":4},"end":{"line":14,"column":null}},"7":{"start":{"line":13,"column":6},"end":{"line":13,"column":null}},"8":{"start":{"line":13,"column":33},"end":{"line":13,"column":47}},"9":{"start":{"line":1,"column":0},"end":{"line":1,"column":13}}},"fnMap":{"0":{"name":"(anonymous_0)","decl":{"start":{"line":2,"column":2},"end":{"line":2,"column":17}},"loc":{"start":{"line":2,"column":2},"end":{"line":2,"column":18}}},"1":{"name":"(anonymous_1)","decl":{"start":{"line":4,"column":17},"end":{"line":4,"column":18}},"loc":{"start":{"line":4,"column":82},"end":{"line":15,"column":3}}},"2":{"name":"(anonymous_2)","decl":{"start":{"line":6,"column":23},"end":{"line":6,"column":24}},"loc":{"start":{"line":6,"column":47},"end":{"line":6,"column":76}}},"3":{"name":"(anonymous_3)","decl":{"start":{"line":13,"column":22},"end":{"line":13,"column":23}},"loc":{"start":{"line":13,"column":33},"end":{"line":13,"column":47}}}},"branchMap":{"0":{"loc":{"start":{"line":5,"column":4},"end":{"line":7,"column":null}},"type":"if","locations":[{"start":{"line":5,"column":4},"end":{"line":7,"column":null}}]},"1":{"loc":{"start":{"line":9,"column":4},"end":{"line":11,"column":null}},"type":"if","locations":[{"start":{"line":9,"column":4},"end":{"line":11,"column":null}}]},"2":{"loc":{"start":{"line":12,"column":4},"end":{"line":14,"column":null}},"type":"if","locations":[{"start":{"line":12,"column":4},"end":{"line":14,"column":null}}]},"3":{"loc":{"start":{"line":13,"column":33},"end":{"line":13,"column":47}},"type":"cond-expr","locations":[{"start":{"line":13,"column":41},"end":{"line":13,"column":43}},{"start":{"line":13,"column":46},"end":{"line":13,"column":47}}]}},"s":{"0":1,"1":5,"2":2,"3":10,"4":5,"5":2,"6":3,"7":3,"8":17,"9":1},"f":{"0":1,"1":5,"2":10,"3":17},"b":{"0":[2],"1":[2],"2":[3],"3":[10,7]}}
,"C:\\Curso Full Stack Vem ser Tech\\modulo8_Testes\\aula4\\exercicio\\helper-api\\exercicio4entregue\\src\\services\\LoremIpsumService.ts": {"path":"C:\\Curso Full Stack Vem ser Tech\\modulo8_Testes\\aula4\\exercicio\\helper-api\\exercicio4entregue\\src\\services\\LoremIpsumService.ts","statementMap":{"0":{"start":{"line":4,"column":2},"end":{"line":61,"column":null}},"1":{"start":{"line":6,"column":32},"end":{"line":6,"column":66}},"2":{"start":{"line":7,"column":27},"end":{"line":7,"column":29}},"3":{"start":{"line":9,"column":34},"end":{"line":9,"column":35}},"4":{"start":{"line":10,"column":28},"end":{"line":10,"column":30}},"5":{"start":{"line":11,"column":44},"end":{"line":11,"column":69}},"6":{"start":{"line":12,"column":33},"end":{"line":12,"column":34}},"7":{"start":{"line":13,"column":30},"end":{"line":13,"column":31}},"8":{"start":{"line":14,"column":33},"end":{"line":14,"column":34}},"9":{"start":{"line":15,"column":30},"end":{"line":15,"column":31}},"10":{"start":{"line":16,"column":40},"end":{"line":16,"column":42}},"11":{"start":{"line":18,"column":4},"end":{"line":57,"column":null}},"12":{"start":{"line":18,"column":21},"end":{"line":18,"column":22}},"13":{"start":{"line":19,"column":6},"end":{"line":19,"column":null}},"14":{"start":{"line":20,"column":6},"end":{"line":20,"column":null}},"15":{"start":{"line":21,"column":6},"end":{"line":21,"column":null}},"16":{"start":{"line":24,"column":6},"end":{"line":55,"column":null}},"17":{"start":{"line":25,"column":8},"end":{"line":25,"column":null}},"18":{"start":{"line":26,"column":8},"end":{"line":40,"column":null}},"19":{"start":{"line":27,"column":10},"end":{"line":27,"column":null}},"20":{"start":{"line":28,"column":10},"end":{"line":35,"column":null}},"21":{"start":{"line":29,"column":10},"end":{"line":29,"column":null}},"22":{"start":{"line":30,"column":10},"end":{"line":30,"column":null}},"23":{"start":{"line":31,"column":10},"end":{"line":31,"column":null}},"24":{"start":{"line":33,"column":17},"end":{"line":35,"column":null}},"25":{"start":{"line":34,"column":12},"end":{"line":34,"column":null}},"26":{"start":{"line":37,"column":15},"end":{"line":40,"column":null}},"27":{"start":{"line":38,"column":10},"end":{"line":38,"column":null}},"28":{"start":{"line":39,"column":10},"end":{"line":39,"column":null}},"29":{"start":{"line":42,"column":12},"end":{"line":55,"column":null}},"30":{"start":{"line":43,"column":8},"end":{"line":50,"column":null}},"31":{"start":{"line":44,"column":10},"end":{"line":44,"column":97}},"32":{"start":{"line":45,"column":10},"end":{"line":45,"column":null}},"33":{"start":{"line":46,"column":10},"end":{"line":46,"column":null}},"34":{"start":{"line":48,"column":15},"end":{"line":50,"column":null}},"35":{"start":{"line":49,"column":10},"end":{"line":49,"column":null}},"36":{"start":{"line":52,"column":12},"end":{"line":55,"column":null}},"37":{"start":{"line":53,"column":8},"end":{"line":53,"column":null}},"38":{"start":{"line":60,"column":4},"end":{"line":60,"column":null}},"39":{"start":{"line":1,"column":0},"end":{"line":1,"column":13}}},"fnMap":{"0":{"name":"(anonymous_0)","decl":{"start":{"line":2,"column":2},"end":{"line":2,"column":17}},"loc":{"start":{"line":2,"column":2},"end":{"line":2,"column":18}}},"1":{"name":"(anonymous_1)","decl":{"start":{"line":4,"column":16},"end":{"line":4,"column":17}},"loc":{"start":{"line":4,"column":38},"end":{"line":61,"column":3}}}},"branchMap":{"0":{"loc":{"start":{"line":24,"column":6},"end":{"line":55,"column":null}},"type":"if","locations":[{"start":{"line":24,"column":6},"end":{"line":55,"column":null}},{"start":{"line":42,"column":12},"end":{"line":55,"column":null}}]},"1":{"loc":{"start":{"line":24,"column":10},"end":{"line":24,"column":54}},"type":"binary-expr","locations":[{"start":{"line":24,"column":10},"end":{"line":24,"column":30}},{"start":{"line":24,"column":34},"end":{"line":24,"column":54}}]},"2":{"loc":{"start":{"line":26,"column":8},"end":{"line":40,"column":null}},"type":"if","locations":[{"start":{"line":26,"column":8},"end":{"line":40,"column":null}},{"start":{"line":37,"column":15},"end":{"line":40,"column":null}}]},"3":{"loc":{"start":{"line":28,"column":10},"end":{"line":35,"column":null}},"type":"if","locations":[{"start":{"line":28,"column":10},"end":{"line":35,"column":null}},{"start":{"line":33,"column":17},"end":{"line":35,"column":null}}]},"4":{"loc":{"start":{"line":33,"column":17},"end":{"line":35,"column":null}},"type":"if","locations":[{"start":{"line":33,"column":17},"end":{"line":35,"column":null}}]},"5":{"loc":{"start":{"line":37,"column":15},"end":{"line":40,"column":null}},"type":"if","locations":[{"start":{"line":37,"column":15},"end":{"line":40,"column":null}}]},"6":{"loc":{"start":{"line":42,"column":12},"end":{"line":55,"column":null}},"type":"if","locations":[{"start":{"line":42,"column":12},"end":{"line":55,"column":null}},{"start":{"line":52,"column":12},"end":{"line":55,"column":null}}]},"7":{"loc":{"start":{"line":43,"column":8},"end":{"line":50,"column":null}},"type":"if","locations":[{"start":{"line":43,"column":8},"end":{"line":50,"column":null}},{"start":{"line":48,"column":15},"end":{"line":50,"column":null}}]},"8":{"loc":{"start":{"line":48,"column":15},"end":{"line":50,"column":null}},"type":"if","locations":[{"start":{"line":48,"column":15},"end":{"line":50,"column":null}}]},"9":{"loc":{"start":{"line":52,"column":12},"end":{"line":55,"column":null}},"type":"if","locations":[{"start":{"line":52,"column":12},"end":{"line":55,"column":null}}]}},"s":{"0":1,"1":2,"2":2,"3":2,"4":2,"5":2,"6":2,"7":2,"8":2,"9":2,"10":2,"11":2,"12":2,"13":104,"14":104,"15":104,"16":104,"17":27,"18":27,"19":14,"20":14,"21":10,"22":10,"23":10,"24":4,"25":4,"26":13,"27":13,"28":13,"29":77,"30":75,"31":10,"32":10,"33":10,"34":65,"35":65,"36":2,"37":2,"38":2,"39":1},"f":{"0":1,"1":2},"b":{"0":[27,77],"1":[104,29],"2":[14,13],"3":[10,4],"4":[4],"5":[13],"6":[75,2],"7":[10,65],"8":[65],"9":[2]}}
,"C:\\Curso Full Stack Vem ser Tech\\modulo8_Testes\\aula4\\exercicio\\helper-api\\exercicio4entregue\\src\\services\\palavrasAleatorias.js": {"path":"C:\\Curso Full Stack Vem ser Tech\\modulo8_Testes\\aula4\\exercicio\\helper-api\\exercicio4entregue\\src\\services\\palavrasAleatorias.js","statementMap":{"0":{"start":{"line":1,"column":0},"end":{"line":97,"column":1}}},"fnMap":{},"branchMap":{},"s":{"0":1},"f":{},"b":{},"inputSourceMap":null,"_coverageSchema":"1a1c01bbd47fc00a2c39e90264f33305004495a9","hash":"039deb62fd0ad5b0838b0a78942de073175bac6c"}
,"C:\\Curso Full Stack Vem ser Tech\\modulo8_Testes\\aula4\\exercicio\\helper-api\\src\\services\\ArrayService.ts": {"path":"C:\\Curso Full Stack Vem ser Tech\\modulo8_Testes\\aula4\\exercicio\\helper-api\\src\\services\\ArrayService.ts","statementMap":{"0":{"start":{"line":4,"column":2},"end":{"line":15,"column":null}},"1":{"start":{"line":5,"column":4},"end":{"line":7,"column":null}},"2":{"start":{"line":6,"column":6},"end":{"line":6,"column":78}},"3":{"start":{"line":6,"column":47},"end":{"line":6,"column":76}},"4":{"start":{"line":9,"column":4},"end":{"line":11,"column":null}},"5":{"start":{"line":10,"column":6},"end":{"line":10,"column":null}},"6":{"start":{"line":12,"column":4},"end":{"line":14,"column":null}},"7":{"start":{"line":13,"column":6},"end":{"line":13,"column":null}},"8":{"start":{"line":13,"column":33},"end":{"line":13,"column":47}},"9":{"start":{"line":1,"column":0},"end":{"line":1,"column":13}}},"fnMap":{"0":{"name":"(anonymous_0)","decl":{"start":{"line":2,"column":2},"end":{"line":2,"column":17}},"loc":{"start":{"line":2,"column":2},"end":{"line":2,"column":18}}},"1":{"name":"(anonymous_1)","decl":{"start":{"line":4,"column":17},"end":{"line":4,"column":18}},"loc":{"start":{"line":4,"column":82},"end":{"line":15,"column":3}}},"2":{"name":"(anonymous_2)","decl":{"start":{"line":6,"column":23},"end":{"line":6,"column":24}},"loc":{"start":{"line":6,"column":47},"end":{"line":6,"column":76}}},"3":{"name":"(anonymous_3)","decl":{"start":{"line":13,"column":22},"end":{"line":13,"column":23}},"loc":{"start":{"line":13,"column":33},"end":{"line":13,"column":47}}}},"branchMap":{"0":{"loc":{"start":{"line":5,"column":4},"end":{"line":7,"column":null}},"type":"if","locations":[{"start":{"line":5,"column":4},"end":{"line":7,"column":null}}]},"1":{"loc":{"start":{"line":9,"column":4},"end":{"line":11,"column":null}},"type":"if","locations":[{"start":{"line":9,"column":4},"end":{"line":11,"column":null}}]},"2":{"loc":{"start":{"line":12,"column":4},"end":{"line":14,"column":null}},"type":"if","locations":[{"start":{"line":12,"column":4},"end":{"line":14,"column":null}}]},"3":{"loc":{"start":{"line":13,"column":33},"end":{"line":13,"column":47}},"type":"cond-expr","locations":[{"start":{"line":13,"column":41},"end":{"line":13,"column":43}},{"start":{"line":13,"column":46},"end":{"line":13,"column":47}}]}},"s":{"0":1,"1":5,"2":2,"3":10,"4":5,"5":2,"6":3,"7":3,"8":17,"9":1},"f":{"0":1,"1":5,"2":10,"3":17},"b":{"0":[2],"1":[2],"2":[3],"3":[10,7]}}
,"C:\\Curso Full Stack Vem ser Tech\\modulo8_Testes\\aula4\\exercicio\\helper-api\\src\\services\\CpfCheckerService.ts": {"path":"C:\\Curso Full Stack Vem ser Tech\\modulo8_Testes\\aula4\\exercicio\\helper-api\\src\\services\\CpfCheckerService.ts","statementMap":{"0":{"start":{"line":8,"column":2},"end":{"line":61,"column":null}},"1":{"start":{"line":14,"column":4},"end":{"line":16,"column":null}},"2":{"start":{"line":15,"column":6},"end":{"line":15,"column":null}},"3":{"start":{"line":17,"column":4},"end":{"line":19,"column":null}},"4":{"start":{"line":18,"column":6},"end":{"line":18,"column":null}},"5":{"start":{"line":22,"column":21},"end":{"line":22,"column":51}},"6":{"start":{"line":24,"column":4},"end":{"line":26,"column":null}},"7":{"start":{"line":25,"column":6},"end":{"line":25,"column":null}},"8":{"start":{"line":27,"column":4},"end":{"line":29,"column":null}},"9":{"start":{"line":28,"column":6},"end":{"line":28,"column":null}},"10":{"start":{"line":33,"column":15},"end":{"line":33,"column":16}},"11":{"start":{"line":34,"column":21},"end":{"line":34,"column":22}},"12":{"start":{"line":35,"column":4},"end":{"line":37,"column":null}},"13":{"start":{"line":35,"column":21},"end":{"line":35,"column":22}},"14":{"start":{"line":36,"column":6},"end":{"line":36,"column":null}},"15":{"start":{"line":38,"column":4},"end":{"line":38,"column":null}},"16":{"start":{"line":39,"column":4},"end":{"line":39,"column":null}},"17":{"start":{"line":39,"column":27},"end":{"line":39,"column":42}},"18":{"start":{"line":41,"column":4},"end":{"line":43,"column":null}},"19":{"start":{"line":42,"column":7},"end":{"line":42,"column":null}},"20":{"start":{"line":46,"column":4},"end":{"line":46,"column":null}},"21":{"start":{"line":47,"column":21},"end":{"line":47,"column":22}},"22":{"start":{"line":48,"column":4},"end":{"line":50,"column":null}},"23":{"start":{"line":48,"column":21},"end":{"line":48,"column":22}},"24":{"start":{"line":49,"column":6},"end":{"line":49,"column":null}},"25":{"start":{"line":51,"column":4},"end":{"line":51,"column":null}},"26":{"start":{"line":52,"column":4},"end":{"line":52,"column":null}},"27":{"start":{"line":53,"column":4},"end":{"line":53,"column":null}},"28":{"start":{"line":53,"column":27},"end":{"line":53,"column":42}},"29":{"start":{"line":54,"column":4},"end":{"line":54,"column":null}},"30":{"start":{"line":55,"column":4},"end":{"line":57,"column":null}},"31":{"start":{"line":56,"column":6},"end":{"line":56,"column":null}},"32":{"start":{"line":59,"column":6},"end":{"line":59,"column":null}},"33":{"start":{"line":3,"column":0},"end":{"line":3,"column":13}}},"fnMap":{"0":{"name":"(anonymous_0)","decl":{"start":{"line":4,"column":2},"end":{"line":4,"column":17}},"loc":{"start":{"line":4,"column":2},"end":{"line":4,"column":18}}},"1":{"name":"(anonymous_1)","decl":{"start":{"line":8,"column":16},"end":{"line":8,"column":17}},"loc":{"start":{"line":8,"column":31},"end":{"line":61,"column":3}}}},"branchMap":{"0":{"loc":{"start":{"line":14,"column":4},"end":{"line":16,"column":null}},"type":"if","locations":[{"start":{"line":14,"column":4},"end":{"line":16,"column":null}}]},"1":{"loc":{"start":{"line":17,"column":4},"end":{"line":19,"column":null}},"type":"if","locations":[{"start":{"line":17,"column":4},"end":{"line":19,"column":null}}]},"2":{"loc":{"start":{"line":24,"column":4},"end":{"line":26,"column":null}},"type":"if","locations":[{"start":{"line":24,"column":4},"end":{"line":26,"column":null}}]},"3":{"loc":{"start":{"line":27,"column":4},"end":{"line":29,"column":null}},"type":"if","locations":[{"start":{"line":27,"column":4},"end":{"line":29,"column":null}}]},"4":{"loc":{"start":{"line":39,"column":4},"end":{"line":39,"column":null}},"type":"if","locations":[{"start":{"line":39,"column":4},"end":{"line":39,"column":null}}]},"5":{"loc":{"start":{"line":41,"column":4},"end":{"line":43,"column":null}},"type":"if","locations":[{"start":{"line":41,"column":4},"end":{"line":43,"column":null}}]},"6":{"loc":{"start":{"line":53,"column":4},"end":{"line":53,"column":null}},"type":"if","locations":[{"start":{"line":53,"column":4},"end":{"line":53,"column":null}}]},"7":{"loc":{"start":{"line":55,"column":4},"end":{"line":57,"column":null}},"type":"if","locations":[{"start":{"line":55,"column":4},"end":{"line":57,"column":null}}]}},"s":{"0":1,"1":16,"2":1,"3":15,"4":1,"5":14,"6":14,"7":1,"8":13,"9":1,"10":12,"11":12,"12":12,"13":12,"14":108,"15":12,"16":12,"17":4,"18":12,"19":1,"20":11,"21":11,"22":11,"23":11,"24":110,"25":11,"26":11,"27":11,"28":0,"29":11,"30":11,"31":1,"32":10,"33":1},"f":{"0":1,"1":16},"b":{"0":[1],"1":[1],"2":[1],"3":[1],"4":[4],"5":[1],"6":[0],"7":[1]}}
,"C:\\Curso Full Stack Vem ser Tech\\modulo8_Testes\\aula4\\exercicio\\helper-api\\src\\services\\LoremIpsumService.ts": {"path":"C:\\Curso Full Stack Vem ser Tech\\modulo8_Testes\\aula4\\exercicio\\helper-api\\src\\services\\LoremIpsumService.ts","statementMap":{"0":{"start":{"line":4,"column":2},"end":{"line":61,"column":null}},"1":{"start":{"line":6,"column":32},"end":{"line":6,"column":66}},"2":{"start":{"line":7,"column":27},"end":{"line":7,"column":29}},"3":{"start":{"line":9,"column":34},"end":{"line":9,"column":35}},"4":{"start":{"line":10,"column":28},"end":{"line":10,"column":30}},"5":{"start":{"line":11,"column":44},"end":{"line":11,"column":69}},"6":{"start":{"line":12,"column":33},"end":{"line":12,"column":34}},"7":{"start":{"line":13,"column":30},"end":{"line":13,"column":31}},"8":{"start":{"line":14,"column":33},"end":{"line":14,"column":34}},"9":{"start":{"line":15,"column":30},"end":{"line":15,"column":31}},"10":{"start":{"line":16,"column":40},"end":{"line":16,"column":42}},"11":{"start":{"line":18,"column":4},"end":{"line":57,"column":null}},"12":{"start":{"line":18,"column":21},"end":{"line":18,"column":22}},"13":{"start":{"line":19,"column":6},"end":{"line":19,"column":null}},"14":{"start":{"line":20,"column":6},"end":{"line":20,"column":null}},"15":{"start":{"line":21,"column":6},"end":{"line":21,"column":null}},"16":{"start":{"line":24,"column":6},"end":{"line":55,"column":null}},"17":{"start":{"line":25,"column":8},"end":{"line":25,"column":null}},"18":{"start":{"line":26,"column":8},"end":{"line":40,"column":null}},"19":{"start":{"line":27,"column":10},"end":{"line":27,"column":null}},"20":{"start":{"line":28,"column":10},"end":{"line":35,"column":null}},"21":{"start":{"line":29,"column":10},"end":{"line":29,"column":null}},"22":{"start":{"line":30,"column":10},"end":{"line":30,"column":null}},"23":{"start":{"line":31,"column":10},"end":{"line":31,"column":null}},"24":{"start":{"line":33,"column":17},"end":{"line":35,"column":null}},"25":{"start":{"line":34,"column":12},"end":{"line":34,"column":null}},"26":{"start":{"line":37,"column":15},"end":{"line":40,"column":null}},"27":{"start":{"line":38,"column":10},"end":{"line":38,"column":null}},"28":{"start":{"line":39,"column":10},"end":{"line":39,"column":null}},"29":{"start":{"line":42,"column":12},"end":{"line":55,"column":null}},"30":{"start":{"line":43,"column":8},"end":{"line":50,"column":null}},"31":{"start":{"line":44,"column":10},"end":{"line":44,"column":97}},"32":{"start":{"line":45,"column":10},"end":{"line":45,"column":null}},"33":{"start":{"line":46,"column":10},"end":{"line":46,"column":null}},"34":{"start":{"line":48,"column":15},"end":{"line":50,"column":null}},"35":{"start":{"line":49,"column":10},"end":{"line":49,"column":null}},"36":{"start":{"line":52,"column":12},"end":{"line":55,"column":null}},"37":{"start":{"line":53,"column":8},"end":{"line":53,"column":null}},"38":{"start":{"line":60,"column":4},"end":{"line":60,"column":null}},"39":{"start":{"line":1,"column":0},"end":{"line":1,"column":13}}},"fnMap":{"0":{"name":"(anonymous_0)","decl":{"start":{"line":2,"column":2},"end":{"line":2,"column":17}},"loc":{"start":{"line":2,"column":2},"end":{"line":2,"column":18}}},"1":{"name":"(anonymous_1)","decl":{"start":{"line":4,"column":16},"end":{"line":4,"column":17}},"loc":{"start":{"line":4,"column":38},"end":{"line":61,"column":3}}}},"branchMap":{"0":{"loc":{"start":{"line":24,"column":6},"end":{"line":55,"column":null}},"type":"if","locations":[{"start":{"line":24,"column":6},"end":{"line":55,"column":null}},{"start":{"line":42,"column":12},"end":{"line":55,"column":null}}]},"1":{"loc":{"start":{"line":24,"column":10},"end":{"line":24,"column":54}},"type":"binary-expr","locations":[{"start":{"line":24,"column":10},"end":{"line":24,"column":30}},{"start":{"line":24,"column":34},"end":{"line":24,"column":54}}]},"2":{"loc":{"start":{"line":26,"column":8},"end":{"line":40,"column":null}},"type":"if","locations":[{"start":{"line":26,"column":8},"end":{"line":40,"column":null}},{"start":{"line":37,"column":15},"end":{"line":40,"column":null}}]},"3":{"loc":{"start":{"line":28,"column":10},"end":{"line":35,"column":null}},"type":"if","locations":[{"start":{"line":28,"column":10},"end":{"line":35,"column":null}},{"start":{"line":33,"column":17},"end":{"line":35,"column":null}}]},"4":{"loc":{"start":{"line":33,"column":17},"end":{"line":35,"column":null}},"type":"if","locations":[{"start":{"line":33,"column":17},"end":{"line":35,"column":null}}]},"5":{"loc":{"start":{"line":37,"column":15},"end":{"line":40,"column":null}},"type":"if","locations":[{"start":{"line":37,"column":15},"end":{"line":40,"column":null}}]},"6":{"loc":{"start":{"line":42,"column":12},"end":{"line":55,"column":null}},"type":"if","locations":[{"start":{"line":42,"column":12},"end":{"line":55,"column":null}},{"start":{"line":52,"column":12},"end":{"line":55,"column":null}}]},"7":{"loc":{"start":{"line":43,"column":8},"end":{"line":50,"column":null}},"type":"if","locations":[{"start":{"line":43,"column":8},"end":{"line":50,"column":null}},{"start":{"line":48,"column":15},"end":{"line":50,"column":null}}]},"8":{"loc":{"start":{"line":48,"column":15},"end":{"line":50,"column":null}},"type":"if","locations":[{"start":{"line":48,"column":15},"end":{"line":50,"column":null}}]},"9":{"loc":{"start":{"line":52,"column":12},"end":{"line":55,"column":null}},"type":"if","locations":[{"start":{"line":52,"column":12},"end":{"line":55,"column":null}}]}},"s":{"0":1,"1":2,"2":2,"3":2,"4":2,"5":2,"6":2,"7":2,"8":2,"9":2,"10":2,"11":2,"12":2,"13":104,"14":104,"15":104,"16":104,"17":33,"18":33,"19":18,"20":18,"21":7,"22":7,"23":7,"24":11,"25":11,"26":15,"27":15,"28":15,"29":71,"30":69,"31":7,"32":7,"33":7,"34":62,"35":62,"36":2,"37":2,"38":2,"39":1},"f":{"0":1,"1":2},"b":{"0":[33,71],"1":[104,34],"2":[18,15],"3":[7,11],"4":[11],"5":[15],"6":[69,2],"7":[7,62],"8":[62],"9":[2]}}
,"C:\\Curso Full Stack Vem ser Tech\\modulo8_Testes\\aula4\\exercicio\\helper-api\\src\\services\\palavrasAleatorias.js": {"path":"C:\\Curso Full Stack Vem ser Tech\\modulo8_Testes\\aula4\\exercicio\\helper-api\\src\\services\\palavrasAleatorias.js","statementMap":{"0":{"start":{"line":1,"column":0},"end":{"line":97,"column":1}}},"fnMap":{},"branchMap":{},"s":{"0":1},"f":{},"b":{},"inputSourceMap":null,"_coverageSchema":"1a1c01bbd47fc00a2c39e90264f33305004495a9","hash":"dfa6dc1cf38ac3ca0f8179b35ac3de9532f786e2"}
}
