TN:
SF:exercicio4entregue\src\services\ArrayService.ts
FN:2,(anonymous_0)
FN:4,(anonymous_1)
FN:6,(anonymous_2)
FN:13,(anonymous_3)
FNF:4
FNH:4
FNDA:1,(anonymous_0)
FNDA:5,(anonymous_1)
FNDA:10,(anonymous_2)
FNDA:17,(anonymous_3)
DA:1,1
DA:4,1
DA:5,5
DA:6,10
DA:9,5
DA:10,2
DA:12,3
DA:13,17
LF:8
LH:8
BRDA:5,0,0,2
BRDA:9,1,0,2
BRDA:12,2,0,3
BRDA:13,3,0,10
BRDA:13,3,1,7
BRF:5
BRH:5
end_of_record
TN:
SF:exercicio4entregue\src\services\LoremIpsumService.ts
FN:2,(anonymous_0)
FN:4,(anonymous_1)
FNF:2
FNH:2
FNDA:1,(anonymous_0)
FNDA:2,(anonymous_1)
DA:1,1
DA:4,1
DA:6,2
DA:7,2
DA:9,2
DA:10,2
DA:11,2
DA:12,2
DA:13,2
DA:14,2
DA:15,2
DA:16,2
DA:18,2
DA:19,104
DA:20,104
DA:21,104
DA:24,104
DA:25,27
DA:26,27
DA:27,14
DA:28,14
DA:29,10
DA:30,10
DA:31,10
DA:33,4
DA:34,4
DA:37,13
DA:38,13
DA:39,13
DA:42,77
DA:43,75
DA:44,10
DA:45,10
DA:46,10
DA:48,65
DA:49,65
DA:52,2
DA:53,2
DA:60,2
LF:39
LH:39
BRDA:24,0,0,27
BRDA:24,0,1,77
BRDA:24,1,0,104
BRDA:24,1,1,29
BRDA:26,2,0,14
BRDA:26,2,1,13
BRDA:28,3,0,10
BRDA:28,3,1,4
BRDA:33,4,0,4
BRDA:37,5,0,13
BRDA:42,6,0,75
BRDA:42,6,1,2
BRDA:43,7,0,10
BRDA:43,7,1,65
BRDA:48,8,0,65
BRDA:52,9,0,2
BRF:16
BRH:16
end_of_record
TN:
SF:exercicio4entregue\src\services\palavrasAleatorias.js
FNF:0
FNH:0
DA:1,1
LF:1
LH:1
BRF:0
BRH:0
end_of_record
TN:
SF:src\services\ArrayService.ts
FN:2,(anonymous_0)
FN:4,(anonymous_1)
FN:6,(anonymous_2)
FN:13,(anonymous_3)
FNF:4
FNH:4
FNDA:1,(anonymous_0)
FNDA:5,(anonymous_1)
FNDA:10,(anonymous_2)
FNDA:17,(anonymous_3)
DA:1,1
DA:4,1
DA:5,5
DA:6,10
DA:9,5
DA:10,2
DA:12,3
DA:13,17
LF:8
LH:8
BRDA:5,0,0,2
BRDA:9,1,0,2
BRDA:12,2,0,3
BRDA:13,3,0,10
BRDA:13,3,1,7
BRF:5
BRH:5
end_of_record
TN:
SF:src\services\CpfCheckerService.ts
FN:4,(anonymous_0)
FN:8,(anonymous_1)
FNF:2
FNH:2
FNDA:1,(anonymous_0)
FNDA:16,(anonymous_1)
DA:3,1
DA:8,1
DA:14,16
DA:15,1
DA:17,15
DA:18,1
DA:22,14
DA:24,14
DA:25,1
DA:27,13
DA:28,1
DA:33,12
DA:34,12
DA:35,12
DA:36,108
DA:38,12
DA:39,12
DA:41,12
DA:42,1
DA:46,11
DA:47,11
DA:48,11
DA:49,110
DA:51,11
DA:52,11
DA:53,11
DA:54,11
DA:55,11
DA:56,1
DA:59,10
LF:30
LH:30
BRDA:14,0,0,1
BRDA:17,1,0,1
BRDA:24,2,0,1
BRDA:27,3,0,1
BRDA:39,4,0,4
BRDA:41,5,0,1
BRDA:53,6,0,0
BRDA:55,7,0,1
BRF:8
BRH:7
end_of_record
TN:
SF:src\services\LoremIpsumService.ts
FN:2,(anonymous_0)
FN:4,(anonymous_1)
FNF:2
FNH:2
FNDA:1,(anonymous_0)
FNDA:2,(anonymous_1)
DA:1,1
DA:4,1
DA:6,2
DA:7,2
DA:9,2
DA:10,2
DA:11,2
DA:12,2
DA:13,2
DA:14,2
DA:15,2
DA:16,2
DA:18,2
DA:19,104
DA:20,104
DA:21,104
DA:24,104
DA:25,33
DA:26,33
DA:27,18
DA:28,18
DA:29,7
DA:30,7
DA:31,7
DA:33,11
DA:34,11
DA:37,15
DA:38,15
DA:39,15
DA:42,71
DA:43,69
DA:44,7
DA:45,7
DA:46,7
DA:48,62
DA:49,62
DA:52,2
DA:53,2
DA:60,2
LF:39
LH:39
BRDA:24,0,0,33
BRDA:24,0,1,71
BRDA:24,1,0,104
BRDA:24,1,1,34
BRDA:26,2,0,18
BRDA:26,2,1,15
BRDA:28,3,0,7
BRDA:28,3,1,11
BRDA:33,4,0,11
BRDA:37,5,0,15
BRDA:42,6,0,69
BRDA:42,6,1,2
BRDA:43,7,0,7
BRDA:43,7,1,62
BRDA:48,8,0,62
BRDA:52,9,0,2
BRF:16
BRH:16
end_of_record
TN:
SF:src\services\palavrasAleatorias.js
FNF:0
FNH:0
DA:1,1
LF:1
LH:1
BRF:0
BRH:0
end_of_record
